<?xml version="1.0" encoding="UTF-8"?>
<!-- Generated by org.testng.reporters.JUnitReportReporter -->
<testsuite skipped="0" hostname="Mounika" name="com.appium.gestures.Multi_Touch" tests="1" failures="0" timestamp="24 Oct 2020 10:49:31 GMT" time="21.612" errors="0">
  <testcase name="useMultitouch" time="21.612" classname="com.appium.gestures.Multi_Touch"/>
</testsuite> <!-- com.appium.gestures.Multi_Touch -->
