<?xml version="1.0" encoding="UTF-8"?>
<!-- Generated by org.testng.reporters.JUnitReportReporter -->
<testsuite skipped="0" hostname="Mounika" name="com.appium.gestures.Tap" tests="1" failures="0" timestamp="22 Oct 2020 10:36:50 GMT" time="24.320" errors="0">
  <testcase name="OpenAPIDemo" time="24.320" classname="com.appium.gestures.Tap"/>
</testsuite> <!-- com.appium.gestures.Tap -->
