<?xml version="1.0" encoding="UTF-8"?>
<!-- Generated by org.testng.reporters.JUnitReportReporter -->
<testsuite skipped="0" hostname="Mounika" name="com.appium.gestures.MultiTouch3lines" tests="1" failures="0" timestamp="24 Oct 2020 11:03:59 GMT" time="14.890" errors="0">
  <testcase name="swipeLShape" time="14.890" classname="com.appium.gestures.MultiTouch3lines"/>
</testsuite> <!-- com.appium.gestures.MultiTouch3lines -->
