<?xml version="1.0" encoding="UTF-8"?>
<!-- Generated by org.testng.reporters.JUnitReportReporter -->
<testsuite skipped="0" hostname="Mounika" name="prepare.LongPressDragDrop" tests="1" failures="0" timestamp="26 Oct 2020 16:49:49 GMT" time="25.001" errors="0">
  <testcase name="DragandDropdemo" time="25.001" classname="prepare.LongPressDragDrop"/>
</testsuite> <!-- prepare.LongPressDragDrop -->
