<?xml version="1.0" encoding="UTF-8"?>
<!-- Generated by org.testng.reporters.JUnitReportReporter -->
<testsuite skipped="0" hostname="Mounika" name="com.appium.gestures.DropDownAPIDemo" tests="1" failures="0" timestamp="24 Oct 2020 10:18:13 GMT" time="25.378" errors="0">
  <testcase name="handleDropDown" time="25.378" classname="com.appium.gestures.DropDownAPIDemo"/>
</testsuite> <!-- com.appium.gestures.DropDownAPIDemo -->
