<?xml version="1.0" encoding="UTF-8"?>
<!-- Generated by org.testng.reporters.JUnitReportReporter -->
<testsuite skipped="0" hostname="Mounika" name="com.appium.gestures.Swipe" tests="1" failures="0" timestamp="24 Oct 2020 03:08:00 GMT" time="25.827" errors="0">
  <testcase name="OpenAPIDemo" time="25.827" classname="com.appium.gestures.Swipe"/>
</testsuite> <!-- com.appium.gestures.Swipe -->
