<?xml version="1.0" encoding="UTF-8"?>
<!-- Generated by org.testng.reporters.JUnitReportReporter -->
<testsuite skipped="0" hostname="Mounika" name="com.appium.practice.OpenAmazon" tests="1" failures="0" timestamp="21 Oct 2020 09:52:44 GMT" time="23.391" errors="0">
  <testcase name="OpenTouchScreenTest" time="23.391" classname="com.appium.practice.OpenAmazon"/>
</testsuite> <!-- com.appium.practice.OpenAmazon -->
