<?xml version="1.0" encoding="UTF-8"?>
<!-- Generated by org.testng.reporters.JUnitReportReporter -->
<testsuite skipped="0" hostname="Mounika" name="com.appium.webapps.ChromeLaunch" tests="1" failures="0" timestamp="27 Oct 2020 07:24:25 GMT" time="30.628" errors="0">
  <testcase name="browserLaunch" time="30.628" classname="com.appium.webapps.ChromeLaunch"/>
</testsuite> <!-- com.appium.webapps.ChromeLaunch -->
