<?xml version="1.0" encoding="UTF-8"?>
<!-- Generated by org.testng.reporters.JUnitReportReporter -->
<testsuite skipped="0" hostname="Mounika" name="com.appium.gestures.SwipeX" tests="1" failures="0" timestamp="24 Oct 2020 09:46:40 GMT" time="22.769" errors="0">
  <testcase name="swipeXShape" time="22.769" classname="com.appium.gestures.SwipeX"/>
</testsuite> <!-- com.appium.gestures.SwipeX -->
