<?xml version="1.0" encoding="UTF-8"?>
<!-- Generated by org.testng.reporters.JUnitReportReporter -->
<testsuite skipped="0" hostname="Mounika" name="com.appium.webapps.GeneralStore" tests="1" failures="0" timestamp="27 Oct 2020 13:17:01 GMT" time="51.886" errors="0">
  <testcase name="generalStoreApp" time="51.886" classname="com.appium.webapps.GeneralStore"/>
</testsuite> <!-- com.appium.webapps.GeneralStore -->
