<?xml version="1.0" encoding="UTF-8"?>
<!-- Generated by org.testng.reporters.JUnitReportReporter -->
<testsuite skipped="0" hostname="Mounika" name="com.appium.drivermtd.APIDemo" tests="1" failures="0" timestamp="29 Oct 2020 05:37:19 GMT" time="36.084" errors="0">
  <testcase name="appAPIDemo" time="36.084" classname="com.appium.drivermtd.APIDemo"/>
</testsuite> <!-- com.appium.drivermtd.APIDemo -->
