<?xml version="1.0" encoding="UTF-8"?>
<!-- Generated by org.testng.reporters.JUnitReportReporter -->
<testsuite skipped="0" hostname="Mounika" name="com.appium.drivermtd.NotificationOpen" tests="1" failures="0" timestamp="26 Oct 2020 07:27:42 GMT" time="22.827" errors="0">
  <testcase name="openNotification" time="22.827" classname="com.appium.drivermtd.NotificationOpen"/>
</testsuite> <!-- com.appium.drivermtd.NotificationOpen -->
