<?xml version="1.0" encoding="UTF-8"?>
<!-- Generated by org.testng.reporters.JUnitReportReporter -->
<testsuite skipped="0" hostname="Mounika" name="com.appium.webapps.Switch_Apps" tests="1" failures="0" timestamp="27 Oct 2020 09:26:02 GMT" time="27.336" errors="0">
  <testcase name="switchApps" time="27.336" classname="com.appium.webapps.Switch_Apps"/>
</testsuite> <!-- com.appium.webapps.Switch_Apps -->
