<?xml version="1.0" encoding="UTF-8"?>
<!-- Generated by org.testng.reporters.JUnitReportReporter -->
<testsuite skipped="0" hostname="Mounika" name="com.appium.practice.Practice" tests="1" failures="0" timestamp="23 Oct 2020 15:51:53 GMT" time="0.016" errors="0">
  <testcase name="getData" time="0.016" classname="com.appium.practice.Practice"/>
</testsuite> <!-- com.appium.practice.Practice -->
