<?xml version="1.0" encoding="UTF-8"?>
<!-- Generated by org.testng.reporters.JUnitReportReporter -->
<testsuite skipped="0" hostname="Mounika" name="com.appium.gestures.ZoomInandOut" tests="1" failures="0" timestamp="24 Oct 2020 09:54:21 GMT" time="23.947" errors="0">
  <testcase name="ScaleAPP" time="23.947" classname="com.appium.gestures.ZoomInandOut"/>
</testsuite> <!-- com.appium.gestures.ZoomInandOut -->
