<?xml version="1.0" encoding="UTF-8"?>
<!-- Generated by org.testng.reporters.JUnitReportReporter -->
<testsuite skipped="0" hostname="Mounika" name="com.appium.gestures.SwipeL" tests="1" failures="0" timestamp="24 Oct 2020 03:16:05 GMT" time="17.073" errors="0">
  <testcase name="swipeLShape" time="17.073" classname="com.appium.gestures.SwipeL"/>
</testsuite> <!-- com.appium.gestures.SwipeL -->
