<?xml version="1.0" encoding="UTF-8"?>
<!-- Generated by org.testng.reporters.JUnitReportReporter -->
<testsuite skipped="0" hostname="Mounika" name="com.appium.drivermtd.RemoveApp" tests="1" failures="0" timestamp="26 Oct 2020 08:06:52 GMT" time="19.046" errors="0">
  <testcase name="removeAppandCheck" time="19.046" classname="com.appium.drivermtd.RemoveApp"/>
</testsuite> <!-- com.appium.drivermtd.RemoveApp -->
