<?xml version="1.0" encoding="UTF-8"?>
<!-- Generated by org.testng.reporters.JUnitReportReporter -->
<testsuite skipped="0" hostname="Mounika" name="com.appium.practice.InstallApp" tests="1" failures="0" timestamp="22 Oct 2020 06:54:28 GMT" time="61.216" errors="0">
  <testcase name="installAPK" time="61.216" classname="com.appium.practice.InstallApp"/>
</testsuite> <!-- com.appium.practice.InstallApp -->
