<?xml version="1.0" encoding="UTF-8"?>
<!-- Generated by org.testng.reporters.JUnitReportReporter -->
<testsuite skipped="0" hostname="Mounika" name="prepare.Tap" tests="1" failures="0" timestamp="26 Oct 2020 16:23:48 GMT" time="23.633" errors="0">
  <testcase name="appTap" time="23.633" classname="prepare.Tap"/>
</testsuite> <!-- prepare.Tap -->
