<?xml version="1.0" encoding="UTF-8"?>
<!-- Generated by org.testng.reporters.JUnitReportReporter -->
<testsuite skipped="0" hostname="Mounika" name="com.appium.practice.OpenFB" tests="1" failures="0" timestamp="21 Oct 2020 11:19:08 GMT" time="35.481" errors="0">
  <testcase name="OpenTouchScreenTest" time="35.481" classname="com.appium.practice.OpenFB"/>
</testsuite> <!-- com.appium.practice.OpenFB -->
