<?xml version="1.0" encoding="UTF-8"?>
<!-- Generated by org.testng.reporters.JUnitReportReporter -->
<testsuite skipped="0" hostname="Mounika" name="com.appium.practice.installDragandDrop" tests="1" failures="0" timestamp="22 Oct 2020 06:59:17 GMT" time="32.711" errors="0">
  <testcase name="installDragandDropAPK" time="32.711" classname="com.appium.practice.installDragandDrop"/>
</testsuite> <!-- com.appium.practice.installDragandDrop -->
