<?xml version="1.0" encoding="UTF-8"?>
<!-- Generated by org.testng.reporters.JUnitReportReporter -->
<testsuite skipped="0" hostname="Mounika" name="com.appium.drivermtd.KeyCode" tests="1" failures="0" timestamp="26 Oct 2020 06:35:08 GMT" time="29.298" errors="0">
  <testcase name="keyCode" time="29.298" classname="com.appium.drivermtd.KeyCode"/>
</testsuite> <!-- com.appium.drivermtd.KeyCode -->
