<?xml version="1.0" encoding="UTF-8"?>
<!-- Generated by org.testng.reporters.JUnitReportReporter -->
<testsuite skipped="0" hostname="Mounika" name="com.appium.practice.demo" tests="1" failures="0" timestamp="24 Oct 2020 04:32:41 GMT" time="30.164" errors="0">
  <testcase name="APIDemo" time="30.164" classname="com.appium.practice.demo"/>
</testsuite> <!-- com.appium.practice.demo -->
