<?xml version="1.0" encoding="UTF-8"?>
<!-- Generated by org.testng.reporters.JUnitReportReporter -->
<testsuite skipped="0" hostname="Mounika" name="com.appium.practice.appDragandDrop" tests="1" failures="0" timestamp="23 Oct 2020 15:22:17 GMT" time="26.761" errors="0">
  <testcase name="DragandDropdemo" time="26.761" classname="com.appium.practice.appDragandDrop"/>
</testsuite> <!-- com.appium.practice.appDragandDrop -->
