<?xml version="1.0" encoding="UTF-8"?>
<!-- Generated by org.testng.reporters.JUnitReportReporter -->
<testsuite skipped="0" hostname="Mounika" name="com.appium.drivermtd.Volume" tests="1" failures="0" timestamp="26 Oct 2020 06:41:45 GMT" time="19.106" errors="0">
  <testcase name="volumeTest" time="19.106" classname="com.appium.drivermtd.Volume"/>
</testsuite> <!-- com.appium.drivermtd.Volume -->
