<?xml version="1.0" encoding="UTF-8"?>
<!-- Generated by org.testng.reporters.JUnitReportReporter -->
<testsuite skipped="0" hostname="Mounika" name="prepare.SwipeAction" tests="1" failures="0" timestamp="26 Oct 2020 17:03:42 GMT" time="16.342" errors="0">
  <testcase name="swipeXShape" time="16.342" classname="prepare.SwipeAction"/>
</testsuite> <!-- prepare.SwipeAction -->
