<?xml version="1.0" encoding="UTF-8"?>
<!-- Generated by org.testng.reporters.JUnitReportReporter -->
<testsuite skipped="0" hostname="Mounika" name="com.appium.practice.OpenTouchScreen" tests="1" failures="0" timestamp="22 Oct 2020 07:35:03 GMT" time="18.575" errors="0">
  <testcase name="OpenTouchScreenTest" time="18.575" classname="com.appium.practice.OpenTouchScreen"/>
</testsuite> <!-- com.appium.practice.OpenTouchScreen -->
