<?xml version="1.0" encoding="UTF-8"?>
<!-- Generated by org.testng.reporters.JUnitReportReporter -->
<testsuite skipped="0" hostname="Mounika" name="com.appium.practice.OpenApp" tests="1" failures="0" timestamp="23 Oct 2020 08:54:33 GMT" time="26.503" errors="0">
  <testcase name="OpenAPIDemo" time="26.503" classname="com.appium.practice.OpenApp"/>
</testsuite> <!-- com.appium.practice.OpenApp -->
