<?xml version="1.0" encoding="UTF-8"?>
<!-- Generated by org.testng.reporters.JUnitReportReporter -->
<testsuite skipped="0" hostname="Mounika" name="prepare.AppInstall" tests="1" failures="0" timestamp="26 Oct 2020 16:14:39 GMT" time="38.511" errors="0">
  <testcase name="installApp" time="38.511" classname="prepare.AppInstall"/>
</testsuite> <!-- prepare.AppInstall -->
