<?xml version="1.0" encoding="UTF-8"?>
<!-- Generated by org.testng.reporters.JUnitReportReporter -->
<testsuite skipped="0" hostname="Mounika" name="com.appium.gestures.Scroll" tests="1" failures="0" timestamp="24 Oct 2020 06:52:01 GMT" time="24.126" errors="0">
  <testcase name="ScrollAPIDemo" time="24.126" classname="com.appium.gestures.Scroll"/>
</testsuite> <!-- com.appium.gestures.Scroll -->
